#
# There is insufficient memory for the Java Runtime Environment to continue.
# Native memory allocation (mmap) failed to map 230686720 bytes. Error detail: G1 virtual space
# Possible reasons:
#   The system is out of physical RAM or swap space
#   This process is running with CompressedOops enabled, and the Java Heap may be blocking the growth of the native heap
# Possible solutions:
#   Reduce memory load on the system
#   Increase physical memory or swap space
#   Check if swap backing store is full
#   Decrease Java heap size (-Xmx/-Xms)
#   Decrease number of Java threads
#   Decrease Java thread stack sizes (-Xss)
#   Set larger code cache with -XX:ReservedCodeCacheSize=
#   JVM is running with Zero Based Compressed Oops mode in which the Java heap is
#     placed in the first 32GB address space. The Java Heap base address is the
#     maximum limit for the native heap growth. Please use -XX:HeapBaseMinAddress
#     to set the Java Heap base and to place the Java Heap above 32GB virtual address.
# This output file may be truncated or incomplete.
#
#  Out of Memory Error (os_windows.cpp:3898), pid=18784, tid=26668
#
# JRE version:  (21.0.6+9) (build )
# Java VM: OpenJDK 64-Bit Server VM (21.0.6+9-b895.109, mixed mode, sharing, tiered, compressed oops, compressed class ptrs, g1 gc, windows-amd64)
# No core dump will be written. Minidumps are not enabled by default on client versions of Windows
#

---------------  S U M M A R Y ------------

Command Line: git4idea.http.GitAskPassApp Username for 'https://github.com': 

Host: AMD Ryzen 5 6600H with Radeon Graphics         , 12 cores, 13G,  Windows 11 , 64 bit Build 26100 (10.0.26100.8328)
Time: Sat Jun  6 20:26:22 2026  Windows 11 , 64 bit Build 26100 (10.0.26100.8328) elapsed time: 3.028082 seconds (0d 0h 0m 3s)

---------------  T H R E A D  ---------------

Current thread (0x00000114d0e79200):  JavaThread "Unknown thread" [_thread_in_vm, id=26668, stack(0x000000023b100000,0x000000023b200000) (1024K)]

Stack: [0x000000023b100000,0x000000023b200000]
Native frames: (J=compiled Java code, j=interpreted, Vv=VM code, C=native code)
V  [jvm.dll+0x6e5cb9]
V  [jvm.dll+0x8c4113]
V  [jvm.dll+0x8c666e]
V  [jvm.dll+0x8c6d53]
V  [jvm.dll+0x288f76]
V  [jvm.dll+0x6e2575]
V  [jvm.dll+0x6d602a]
V  [jvm.dll+0x3635db]
V  [jvm.dll+0x36b1a6]
V  [jvm.dll+0x3bd4f6]
V  [jvm.dll+0x3bd7c8]
V  [jvm.dll+0x335d2c]
V  [jvm.dll+0x336a1b]
V  [jvm.dll+0x88b569]
V  [jvm.dll+0x3ca6c8]
V  [jvm.dll+0x8745b8]
V  [jvm.dll+0x45f0de]
V  [jvm.dll+0x460dc1]
C  [jli.dll+0x52ab]
C  [ucrtbase.dll+0x37b0]
C  [KERNEL32.DLL+0x2e957]
C  [ntdll.dll+0x427c]


---------------  P R O C E S S  ---------------

Threads class SMR info:
_java_thread_list=0x00007fff1875a148, length=0, elements={
}

Java Threads: ( => current thread )
Total: 0

Other Threads:
  0x00000114d0ed3740 WorkerThread "GC Thread#0"                     [id=2672, stack(0x000000023b200000,0x000000023b300000) (1024K)]
  0x00000114d0ee40c0 ConcurrentGCThread "G1 Main Marker"            [id=23472, stack(0x000000023b300000,0x000000023b400000) (1024K)]
  0x00000114d0ee4bc0 WorkerThread "G1 Conc#0"                       [id=20352, stack(0x000000023b400000,0x000000023b500000) (1024K)]

[error occurred during error reporting (printing all threads), id 0xc0000005, EXCEPTION_ACCESS_VIOLATION (0xc0000005) at pc=0x00007fff17e48e07]
VM state: not at safepoint (not fully initialized)

VM Mutex/Monitor currently owned by a thread:  ([mutex/lock_event])
[0x00007fff187ceb30] Heap_lock - owner thread: 0x00000114d0e79200

Heap address: 0x0000000724e00000, size: 3506 MB, Compressed Oops mode: Zero based, Oop shift amount: 3

CDS archive(s) mapped at: [0x0000000000000000-0x0000000000000000-0x0000000000000000), size 0, SharedBaseAddress: 0x0000000800000000, ArchiveRelocationMode: 1.
Narrow klass base: 0x0000000000000000, Narrow klass shift: 0, Narrow klass range: 0x0

GC Precious Log:
 CardTable entry size: 512
 Card Set container configuration: InlinePtr #cards 4 size 8 Array Of Cards #cards 16 size 48 Howl #buckets 8 coarsen threshold 3686 Howl Bitmap #cards 512 size 80 coarsen threshold 460 Card regions per heap region 1 cards per card region 4096

Heap:
 garbage-first heap   total 0K, used 0K [0x0000000724e00000, 0x0000000800000000)
  region size 2048K, 0 young (0K), 0 survivors (0K)
 Metaspace       used 0K, committed 0K, reserved 0K
  class space    used 0K, committed 0K, reserved 0K

Heap Regions: E=young(eden), S=young(survivor), O=old, HS=humongous(starts), HC=humongous(continues), CS=collection set, F=free, TAMS=top-at-mark-start, PB=parsable bottom

Card table byte_map: [0x00000114e4af0000,0x00000114e51d0000] _byte_map_base: 0x00000114e11c9000

Marking Bits: (CMBitMap*) 0x00000114d0ed4e50
 Bits: [0x00000114e51d0000, 0x00000114e8898000)

GC Heap History (0 events):
No events

Dll operation events (1 events):
Event: 0.008 Loaded shared library D:\PyCharm 2025.1\jbr\bin\java.dll

Deoptimization events (0 events):
No events

Classes loaded (0 events):
No events

Classes unloaded (0 events):
No events

Classes redefined (0 events):
No events

Internal exceptions (0 events):
No events

ZGC Phase Switch (0 events):
No events

VM Operations (0 events):
No events

Memory protections (0 events):
No events

Nmethod flushes (0 events):
No events

Events (0 events):
No events


Dynamic libraries:
0x00007ff78bf30000 - 0x00007ff78bf3a000 	D:\PyCharm 2025.1\jbr\bin\java.exe
0x00007ff82ad40000 - 0x00007ff82afa7000 	C:\WINDOWS\SYSTEM32\ntdll.dll
0x00007ff82a130000 - 0x00007ff82a1f9000 	C:\WINDOWS\System32\KERNEL32.DLL
0x00007ff8285e0000 - 0x00007ff8289d7000 	C:\WINDOWS\System32\KERNELBASE.dll
0x00007ff827830000 - 0x00007ff82797b000 	C:\WINDOWS\System32\ucrtbase.dll
0x00007fffb25b0000 - 0x00007fffb25c8000 	D:\PyCharm 2025.1\jbr\bin\jli.dll
0x00007fffb25d0000 - 0x00007fffb25eb000 	D:\PyCharm 2025.1\jbr\bin\VCRUNTIME140.dll
0x00007ff828ca0000 - 0x00007ff828e66000 	C:\WINDOWS\System32\USER32.dll
0x00007ff811530000 - 0x00007ff8117c2000 	C:\WINDOWS\WinSxS\amd64_microsoft.windows.common-controls_6595b64144ccf1df_6.0.26100.8457_none_3e0b2faee331e92d\COMCTL32.dll
0x00007ff8289e0000 - 0x00007ff828a07000 	C:\WINDOWS\System32\win32u.dll
0x00007ff82ac50000 - 0x00007ff82acf9000 	C:\WINDOWS\System32\msvcrt.dll
0x00007ff829120000 - 0x00007ff82914b000 	C:\WINDOWS\System32\GDI32.dll
0x00007ff8284b0000 - 0x00007ff8285dc000 	C:\WINDOWS\System32\gdi32full.dll
0x00007ff827980000 - 0x00007ff827a23000 	C:\WINDOWS\System32\msvcp_win.dll
0x00007ff829960000 - 0x00007ff829992000 	C:\WINDOWS\System32\IMM32.DLL
0x00007ff803230000 - 0x00007ff80323c000 	D:\PyCharm 2025.1\jbr\bin\vcruntime140_1.dll
0x00007ff800560000 - 0x00007ff8005ed000 	D:\PyCharm 2025.1\jbr\bin\msvcp140.dll
0x00007fff17b00000 - 0x00007fff188c1000 	D:\PyCharm 2025.1\jbr\bin\server\jvm.dll
0x00007ff82a7e0000 - 0x00007ff82a896000 	C:\WINDOWS\System32\ADVAPI32.dll
0x00007ff8299a0000 - 0x00007ff829a47000 	C:\WINDOWS\System32\sechost.dll
0x00007ff82a200000 - 0x00007ff82a318000 	C:\WINDOWS\System32\RPCRT4.dll
0x00007ff8298d0000 - 0x00007ff829950000 	C:\WINDOWS\System32\WS2_32.dll
0x00007ff8275d0000 - 0x00007ff82762e000 	C:\WINDOWS\SYSTEM32\POWRPROF.dll
0x00007ff8229b0000 - 0x00007ff8229e6000 	C:\WINDOWS\SYSTEM32\WINMM.dll
0x00007ff8178f0000 - 0x00007ff8178fb000 	C:\WINDOWS\SYSTEM32\VERSION.dll
0x00007ff8275b0000 - 0x00007ff8275c4000 	C:\WINDOWS\SYSTEM32\UMPDC.dll
0x00007ff8264c0000 - 0x00007ff8264db000 	C:\WINDOWS\SYSTEM32\kernel.appcore.dll
0x00007ff8025f0000 - 0x00007ff8025fa000 	D:\PyCharm 2025.1\jbr\bin\jimage.dll
0x00007ff8255f0000 - 0x00007ff825832000 	C:\WINDOWS\SYSTEM32\DBGHELP.DLL
0x00007ff82a450000 - 0x00007ff82a7d3000 	C:\WINDOWS\System32\combase.dll
0x00007ff82aa70000 - 0x00007ff82ab49000 	C:\WINDOWS\System32\OLEAUT32.dll
0x00007ff822970000 - 0x00007ff8229ab000 	C:\WINDOWS\SYSTEM32\dbgcore.DLL
0x00007ff828a10000 - 0x00007ff828ab8000 	C:\WINDOWS\System32\bcryptPrimitives.dll
0x00007fffb2510000 - 0x00007fffb2530000 	D:\PyCharm 2025.1\jbr\bin\java.dll

dbghelp: loaded successfully - version: 4.0.5 - missing functions: none
symbol engine: initialized successfully - sym options: 0x614 - pdb path: .;D:\PyCharm 2025.1\jbr\bin;C:\WINDOWS\SYSTEM32;C:\WINDOWS\WinSxS\amd64_microsoft.windows.common-controls_6595b64144ccf1df_6.0.26100.8457_none_3e0b2faee331e92d;D:\PyCharm 2025.1\jbr\bin\server

VM Arguments:
java_command: git4idea.http.GitAskPassApp Username for 'https://github.com': 
java_class_path (initial): D:/PyCharm 2025.1/plugins/vcs-git/lib/git4idea-rt.jar;D:/PyCharm 2025.1/lib/externalProcess-rt.jar
Launcher Type: SUN_STANDARD

[Global flags]
     intx CICompilerCount                          = 4                                         {product} {ergonomic}
     uint ConcGCThreads                            = 3                                         {product} {ergonomic}
     uint G1ConcRefinementThreads                  = 10                                        {product} {ergonomic}
   size_t G1HeapRegionSize                         = 2097152                                   {product} {ergonomic}
    uintx GCDrainStackTargetSize                   = 64                                        {product} {ergonomic}
   size_t InitialHeapSize                          = 230686720                                 {product} {ergonomic}
   size_t MarkStackSize                            = 4194304                                   {product} {ergonomic}
   size_t MaxHeapSize                              = 3676307456                                {product} {ergonomic}
   size_t MinHeapDeltaBytes                        = 2097152                                   {product} {ergonomic}
   size_t MinHeapSize                              = 8388608                                   {product} {ergonomic}
    uintx NonNMethodCodeHeapSize                   = 5839372                                {pd product} {ergonomic}
    uintx NonProfiledCodeHeapSize                  = 122909434                              {pd product} {ergonomic}
    uintx ProfiledCodeHeapSize                     = 122909434                              {pd product} {ergonomic}
    uintx ReservedCodeCacheSize                    = 251658240                              {pd product} {ergonomic}
     bool SegmentedCodeCache                       = true                                      {product} {ergonomic}
   size_t SoftMaxHeapSize                          = 3676307456                             {manageable} {ergonomic}
     bool UseCompressedOops                        = true                           {product lp64_product} {ergonomic}
     bool UseG1GC                                  = true                                      {product} {ergonomic}
     bool UseLargePagesIndividualAllocation        = false                                  {pd product} {ergonomic}

Logging:
Log output configuration:
 #0: stdout all=warning uptime,level,tags foldmultilines=false
 #1: stderr all=off uptime,level,tags foldmultilines=false

Environment Variables:
PATH=D:\Softwares\Git\mingw64\libexec\git-core;D:\Softwares\Git\mingw64\libexec\git-core;D:\Softwares\Git\mingw64\bin;D:\Softwares\Git\usr\bin;C:\Users\86189\bin;C:\Program Files\Microsoft MPI\Bin;C:\WINDOWS\system32;C:\WINDOWS;C:\WINDOWS\System32\Wbem;C:\WINDOWS\System32\WindowsPowerShell\v1.0;C:\WINDOWS\System32\OpenSSH;C:\Program Files (x86)\Microsoft SQL Server\100\Tools\Binn;C:\Program Files\Microsoft SQL Server\100\Tools\Binn;C:\Program Files\Microsoft SQL Server\100\DTS\Binn;D:\Winstep\bin;C:\Program Files\Microsoft SQL Server\150\Tools\Binn;C:\Program Files\Docker\Docker\resources\bin;D:\Softwares\Git\cmd;C:\New Folder;D:\cursor\resources\app\codeBin;C:\Users\86189\AppData\Local\Programs\Python\Python313\Scripts;C:\Users\86189\AppData\Local\Programs\Python\Python313;`C;D:\Softwares\Git\Program Files\Java\jdk-21\bin`;D:\PyCharm 2025.1\bin;C:\Users\86189\AppData\Local\Microsoft\WindowsApps;C:\Users\86189\AppData\Local\Programs\Python\Python313;C:\Users\86189\AppData\Local\Programs\Python\Python313\Scripts;D:\Softwares\cursor\resources\app\bin;C:\Users\86189\AppData\Roaming\npm
USERNAME=86189
DISPLAY=:0.0
LC_ALL=en_US.UTF-8
TERM=xterm-256color
TMPDIR=C:\Users\86189\AppData\Local\Temp
OS=Windows_NT
PROCESSOR_IDENTIFIER=AMD64 Family 25 Model 68 Stepping 1, AuthenticAMD
TMP=C:\Users\86189\AppData\Local\Temp
TEMP=C:\Users\86189\AppData\Local\Temp




Periodic native trim disabled

JNI global refs:
JNI global refs: 0, weak refs: 0

JNI global refs memory usage: 0, weak refs: 0

Process memory usage:
Resident Set Size: 13208K (0% of 14357448K total physical memory with 1053436K free physical memory)

OOME stack traces (most recent first):
Classloader memory used:

---------------  S Y S T E M  ---------------

OS:
 Windows 11 , 64 bit Build 26100 (10.0.26100.8328)
OS uptime: 1 days 6:15 hours
Hyper-V role detected

CPU: total 12 (initial active 12) (12 cores per cpu, 2 threads per core) family 25 model 68 stepping 1 microcode 0xa404101, cx8, cmov, fxsr, ht, mmx, 3dnowpref, sse, sse2, sse3, ssse3, sse4a, sse4.1, sse4.2, popcnt, lzcnt, tsc, tscinvbit, avx, avx2, aes, clmul, bmi1, bmi2, adx, sha, fma, vzeroupper, clflush, clflushopt, hv, rdtscp, rdpid, f16c, cet_ss
Processor Information for the first 12 processors :
  Max Mhz: 3301, Current Mhz: 3301, Mhz Limit: 3301

Memory: 4k page, system-wide physical 14020M (1028M free)
TotalPageFile size 32770M (AvailPageFile size 4M)
current process WorkingSet (physical memory assigned to process): 12M, peak: 12M
current process commit charge ("private bytes"): 64M, peak: 284M

vm_info: OpenJDK 64-Bit Server VM (21.0.6+9-b895.109) for windows-amd64 JRE (21.0.6+9-b895.109), built on 2025-03-26 by "builduser" with MS VC++ 16.10 / 16.11 (VS2019)

END.
